<?xml version="1.0" encoding="UTF-8"?>
<robot generator="Robot 7.4.2 (Python 3.13.3 on win32)" generated="2026-04-03T21:03:13.042088" rpa="false" schemaversion="5">
<suite id="s1" name="Login Crypto Test" source="C:\Users\yamam\OneDrive\Desktop\BE-Viikko 4 - Express-MVC\tests\login_crypto_test.robot">
<kw name="Create Backend Session" owner="api_common" type="SETUP">
<kw name="Create Session" owner="RequestsLibrary">
<msg time="2026-04-03T21:03:13.995563" level="INFO">Creating Session using : alias=backend, url=http://localhost:3000, headers={},                     cookies={}, auth=None, timeout=None, proxies=None, verify=False,                     debug=0 </msg>
<arg>backend</arg>
<arg>${BASE_URL}</arg>
<doc>Create Session: create a HTTP session to a server</doc>
<status status="PASS" start="2026-04-03T21:03:13.995102" elapsed="0.001009"/>
</kw>
<status status="PASS" start="2026-04-03T21:03:13.993636" elapsed="0.002697"/>
</kw>
<test id="s1-t1" name="Login With Encrypted Credentials Returns 200" line="24">
<kw name="Prepare Crypto Test User" type="SETUP">
<kw name="Get Decrypted Text" owner="CryptoLibrary">
<msg time="2026-04-03T21:03:13.999338" level="INFO">Decrypting text and return value.</msg>
<msg time="2026-04-03T21:03:14.941252" level="INFO">${plain_user} = "***"</msg>
<var>${plain_user}</var>
<arg>${ENC_USERNAME}</arg>
<doc>Decrypts cipher text and returns the plain text.</doc>
<status status="PASS" start="2026-04-03T21:03:13.998935" elapsed="0.942908"/>
</kw>
<kw name="Get Decrypted Text" owner="CryptoLibrary">
<msg time="2026-04-03T21:03:14.942382" level="INFO">Decrypting text and return value.</msg>
<msg time="2026-04-03T21:03:14.942778" level="INFO">${plain_pass} = "***"</msg>
<var>${plain_pass}</var>
<arg>${ENC_PASSWORD}</arg>
<doc>Decrypts cipher text and returns the plain text.</doc>
<status status="PASS" start="2026-04-03T21:03:14.942108" elapsed="0.000955"/>
</kw>
<kw name="Set Suite Variable" owner="BuiltIn">
<msg time="2026-04-03T21:03:14.943906" level="INFO">${PLAIN_USERNAME} = "***"</msg>
<arg>${PLAIN_USERNAME}</arg>
<arg>${plain_user}</arg>
<doc>Makes a variable available everywhere within the scope of the current suite.</doc>
<status status="PASS" start="2026-04-03T21:03:14.943261" elapsed="0.000838"/>
</kw>
<kw name="Set Suite Variable" owner="BuiltIn">
<msg time="2026-04-03T21:03:14.944860" level="INFO">${PLAIN_PASSWORD} = "***"</msg>
<arg>${PLAIN_PASSWORD}</arg>
<arg>${plain_pass}</arg>
<doc>Makes a variable available everywhere within the scope of the current suite.</doc>
<status status="PASS" start="2026-04-03T21:03:14.944279" elapsed="0.000774"/>
</kw>
<kw name="Create Dictionary" owner="BuiltIn">
<msg time="2026-04-03T21:03:14.946141" level="INFO">${payload} = "***"</msg>
<var>${payload}</var>
<arg>username=${plain_user}</arg>
<arg>email=${plain_user}@cryptotest.com</arg>
<arg>password=${plain_pass}</arg>
<doc>Creates and returns a dictionary based on the given ``items``.</doc>
<status status="PASS" start="2026-04-03T21:03:14.945249" elapsed="0.001068"/>
</kw>
<kw name="Post Endpoint With Json" owner="api_common">
<kw name="Create Dictionary" owner="BuiltIn">
<msg time="2026-04-03T21:03:14.947629" level="INFO">${headers} = {'Content-Type': 'application/json'}</msg>
<var>${headers}</var>
<arg>Content-Type=application/json</arg>
<doc>Creates and returns a dictionary based on the given ``items``.</doc>
<status status="PASS" start="2026-04-03T21:03:14.947132" elapsed="0.000689"/>
</kw>
<kw name="POST On Session" owner="RequestsLibrary">
<msg time="2026-04-03T21:03:14.968887" level="INFO">POST Request : url=http://localhost:3000/api/users 
 path_url=/api/users 
 headers={'User-Agent': 'python-requests/2.32.5', 'Accept-Encoding': 'gzip, deflate', 'Accept': '*/*', 'Connection': 'keep-alive', 'Content-Type': 'application/json', 'Content-Length': '94'} 
 body=b'{"username": "***", "email": "***@cryptotest.com", "password": "***"}' 
 </msg>
<msg time="2026-04-03T21:03:14.969228" level="INFO">POST Response : url=http://localhost:3000/api/users 
 status=201, reason=Created 
 headers={'X-Powered-By': 'Express', 'Access-Control-Allow-Origin': '*', 'Access-Control-Allow-Methods': 'GET, POST, PUT, DELETE, OPTIONS', 'Access-Control-Allow-Headers': 'Content-Type, Authorization', 'Content-Type': 'application/json; charset=utf-8', 'Content-Length': '53', 'ETag': 'W/"35-8sAxeLP685AOc026Cifr3YTEFR0"', 'Date': 'Fri, 03 Apr 2026 18:03:14 GMT', 'Connection': 'keep-alive', 'Keep-Alive': 'timeout=5'} 
 body={"message":"Uusi käyttäjä lisätty.","user_id":11} 
 </msg>
<msg time="2026-04-03T21:03:14.969543" level="INFO">${response} = &lt;Response [201]&gt;</msg>
<var>${response}</var>
<arg>backend</arg>
<arg>${endpoint}</arg>
<arg>json=${payload}</arg>
<arg>headers=${headers}</arg>
<arg>expected_status=any</arg>
<doc>Sends a POST request on a previously created HTTP Session.</doc>
<status status="PASS" start="2026-04-03T21:03:14.948011" elapsed="0.021789"/>
</kw>
<return>
<value>${response}</value>
<status status="PASS" start="2026-04-03T21:03:14.969992" elapsed="0.000122"/>
</return>
<msg time="2026-04-03T21:03:14.970435" level="INFO">${response} = &lt;Response [201]&gt;</msg>
<var>${response}</var>
<arg>/api/users</arg>
<arg>${payload}</arg>
<status status="PASS" start="2026-04-03T21:03:14.946635" elapsed="0.024027"/>
</kw>
<kw name="Should Be Equal As Integers" owner="BuiltIn">
<msg time="2026-04-03T21:03:14.972327" level="INFO">Argument types are:
&lt;class 'int'&gt;
&lt;class 'str'&gt;</msg>
<arg>${response.status_code}</arg>
<arg>201</arg>
<doc>Fails if objects are unequal after converting them to integers.</doc>
<status status="PASS" start="2026-04-03T21:03:14.970947" elapsed="0.001582"/>
</kw>
<kw name="Set Suite Variable" owner="BuiltIn">
<msg time="2026-04-03T21:03:14.974325" level="INFO">${CRYPTO_USER_ID} = 11</msg>
<arg>${CRYPTO_USER_ID}</arg>
<arg>${response.json()['user_id']}</arg>
<doc>Makes a variable available everywhere within the scope of the current suite.</doc>
<status status="PASS" start="2026-04-03T21:03:14.972840" elapsed="0.001804"/>
</kw>
<doc>Purkaa kryptatut muuttujat ja luo testikäyttäjän.</doc>
<status status="PASS" start="2026-04-03T21:03:13.998112" elapsed="0.976692"/>
</kw>
<kw name="Create Dictionary" owner="BuiltIn">
<msg time="2026-04-03T21:03:14.976485" level="INFO">${payload} = "***"</msg>
<var>${payload}</var>
<arg>username=${PLAIN_USERNAME}</arg>
<arg>password=${PLAIN_PASSWORD}</arg>
<doc>Creates and returns a dictionary based on the given ``items``.</doc>
<status status="PASS" start="2026-04-03T21:03:14.975398" elapsed="0.001374"/>
</kw>
<kw name="Post Endpoint With Json" owner="api_common">
<kw name="Create Dictionary" owner="BuiltIn">
<msg time="2026-04-03T21:03:14.980212" level="INFO">${headers} = {'Content-Type': 'application/json'}</msg>
<var>${headers}</var>
<arg>Content-Type=application/json</arg>
<doc>Creates and returns a dictionary based on the given ``items``.</doc>
<status status="PASS" start="2026-04-03T21:03:14.978947" elapsed="0.001585"/>
</kw>
<kw name="POST On Session" owner="RequestsLibrary">
<msg time="2026-04-03T21:03:14.991754" level="INFO">POST Request : url=http://localhost:3000/api/auth/login 
 path_url=/api/auth/login 
 headers={'User-Agent': 'python-requests/2.32.5', 'Accept-Encoding': 'gzip, deflate', 'Accept': '*/*', 'Connection': 'keep-alive', 'Content-Type': 'application/json', 'Content-Length': '56'} 
 body=b'{"username": "***", "password": "***"}' 
 </msg>
<msg time="2026-04-03T21:03:14.992007" level="INFO">POST Response : url=http://localhost:3000/api/auth/login 
 status=200, reason=OK 
 headers={'X-Powered-By': 'Express', 'Access-Control-Allow-Origin': '*', 'Access-Control-Allow-Methods': 'GET, POST, PUT, DELETE, OPTIONS', 'Access-Control-Allow-Headers': 'Content-Type, Authorization', 'Content-Type': 'application/json; charset=utf-8', 'Content-Length': '73', 'ETag': 'W/"49-pwoxSZHMynwjE1yNpATa5Dg6D4c"', 'Date': 'Fri, 03 Apr 2026 18:03:14 GMT', 'Connection': 'keep-alive', 'Keep-Alive': 'timeout=5'} 
 body={"message":"Kirjautuminen onnistui","user_id":11,"username":"***"} 
 </msg>
<msg time="2026-04-03T21:03:14.992837" level="INFO">${response} = &lt;Response [200]&gt;</msg>
<var>${response}</var>
<arg>backend</arg>
<arg>${endpoint}</arg>
<arg>json=${payload}</arg>
<arg>headers=${headers}</arg>
<arg>expected_status=any</arg>
<doc>Sends a POST request on a previously created HTTP Session.</doc>
<status status="PASS" start="2026-04-03T21:03:14.981025" elapsed="0.012111"/>
</kw>
<return>
<value>${response}</value>
<status status="PASS" start="2026-04-03T21:03:14.993331" elapsed="0.000116"/>
</return>
<msg time="2026-04-03T21:03:14.993890" level="INFO">${response} = &lt;Response [200]&gt;</msg>
<var>${response}</var>
<arg>/api/auth/login</arg>
<arg>${payload}</arg>
<status status="PASS" start="2026-04-03T21:03:14.977641" elapsed="0.016558"/>
</kw>
<kw name="Should Be Equal As Integers" owner="BuiltIn">
<msg time="2026-04-03T21:03:15.000149" level="INFO">Argument types are:
&lt;class 'int'&gt;
&lt;class 'str'&gt;</msg>
<arg>${response.status_code}</arg>
<arg>200</arg>
<doc>Fails if objects are unequal after converting them to integers.</doc>
<status status="PASS" start="2026-04-03T21:03:14.998476" elapsed="0.001859"/>
</kw>
<kw name="Response Should Be Json" owner="api_common">
<kw name="Get From Dictionary" owner="Collections">
<msg time="2026-04-03T21:03:15.003393" level="INFO">${content_type} = application/json; charset=utf-8</msg>
<var>${content_type}</var>
<arg>${response.headers}</arg>
<arg>Content-Type</arg>
<doc>Returns a value from the given ``dictionary`` based on the given ``key``.</doc>
<status status="PASS" start="2026-04-03T21:03:15.002126" elapsed="0.001645"/>
</kw>
<kw name="Should Contain" owner="BuiltIn">
<arg>${content_type}</arg>
<arg>application/json</arg>
<doc>Fails if ``container`` does not contain ``item`` one or more times.</doc>
<status status="PASS" start="2026-04-03T21:03:15.004094" elapsed="0.000987"/>
</kw>
<arg>${response}</arg>
<status status="PASS" start="2026-04-03T21:03:15.001128" elapsed="0.004164"/>
</kw>
<kw name="Dictionary Should Contain Key" owner="Collections">
<arg>${response.json()}</arg>
<arg>message</arg>
<doc>Fails if ``key`` is not found from ``dictionary``.</doc>
<status status="PASS" start="2026-04-03T21:03:15.006035" elapsed="0.000956"/>
</kw>
<kw name="Dictionary Should Contain Key" owner="Collections">
<arg>${response.json()}</arg>
<arg>user_id</arg>
<doc>Fails if ``key`` is not found from ``dictionary``.</doc>
<status status="PASS" start="2026-04-03T21:03:15.007512" elapsed="0.000961"/>
</kw>
<kw name="Dictionary Should Contain Key" owner="Collections">
<arg>${response.json()}</arg>
<arg>username</arg>
<doc>Fails if ``key`` is not found from ``dictionary``.</doc>
<status status="PASS" start="2026-04-03T21:03:15.009071" elapsed="0.000949"/>
</kw>
<kw name="Should Be Equal" owner="BuiltIn">
<arg>${response.json()['username']}</arg>
<arg>${PLAIN_USERNAME}</arg>
<doc>Fails if the given objects are unequal.</doc>
<status status="PASS" start="2026-04-03T21:03:15.010524" elapsed="0.001289"/>
</kw>
<kw name="Delete Crypto Test User" type="TEARDOWN">
<kw name="Delete Endpoint" owner="api_common">
<kw name="DELETE On Session" owner="RequestsLibrary">
<msg time="2026-04-03T21:03:15.025289" level="INFO">DELETE Request : url=http://localhost:3000/api/users/11 
 path_url=/api/users/11 
 headers={'User-Agent': 'python-requests/2.32.5', 'Accept-Encoding': 'gzip, deflate', 'Accept': '*/*', 'Connection': 'keep-alive', 'Content-Length': '0'} 
 body=None 
 </msg>
<msg time="2026-04-03T21:03:15.025462" level="INFO">DELETE Response : url=http://localhost:3000/api/users/11 
 status=200, reason=OK 
 headers={'X-Powered-By': 'Express', 'Access-Control-Allow-Origin': '*', 'Access-Control-Allow-Methods': 'GET, POST, PUT, DELETE, OPTIONS', 'Access-Control-Allow-Headers': 'Content-Type, Authorization', 'Content-Type': 'application/json; charset=utf-8', 'Content-Length': '67', 'ETag': 'W/"43-ZwEfxB4Y8Ub4Ko83bik/C5oUpyM"', 'Date': 'Fri, 03 Apr 2026 18:03:15 GMT', 'Connection': 'keep-alive', 'Keep-Alive': 'timeout=5'} 
 body={"message":"Käyttäjä poistettu onnistuneesti.","affectedRows":1} 
 </msg>
<msg time="2026-04-03T21:03:15.025679" level="INFO">${response} = &lt;Response [200]&gt;</msg>
<var>${response}</var>
<arg>backend</arg>
<arg>${endpoint}</arg>
<arg>expected_status=any</arg>
<doc>Sends a DELETE request on a previously created HTTP Session.</doc>
<status status="PASS" start="2026-04-03T21:03:15.016270" elapsed="0.009595"/>
</kw>
<return>
<value>${response}</value>
<status status="PASS" start="2026-04-03T21:03:15.025982" elapsed="0.000196"/>
</return>
<msg time="2026-04-03T21:03:15.026570" level="INFO">${response} = &lt;Response [200]&gt;</msg>
<var>${response}</var>
<arg>/api/users/${CRYPTO_USER_ID}</arg>
<status status="PASS" start="2026-04-03T21:03:15.015212" elapsed="0.011660"/>
</kw>
<kw name="Should Be Equal As Integers" owner="BuiltIn">
<msg time="2026-04-03T21:03:15.028330" level="INFO">Argument types are:
&lt;class 'int'&gt;
&lt;class 'str'&gt;</msg>
<arg>${response.status_code}</arg>
<arg>200</arg>
<doc>Fails if objects are unequal after converting them to integers.</doc>
<status status="PASS" start="2026-04-03T21:03:15.027223" elapsed="0.001250"/>
</kw>
<doc>Poistaa testikäyttäjän testin jälkeen.</doc>
<status status="PASS" start="2026-04-03T21:03:15.014079" elapsed="0.014545"/>
</kw>
<doc>Purkaa kryptatut tunnukset, luo testikäyttäjän,
kirjautuu sisään ja varmistaa onnistumisen. Siivoa lopuksi.</doc>
<status status="PASS" start="2026-04-03T21:03:13.996502" elapsed="1.032485"/>
</test>
<doc>Tehtävä 6 – Kirjautumistesti jossa sekä käyttäjätunnus että
salasana on kryptattu käyttäen CryptoLibrarya (NaCl/PyNaCl).
Kryptatut arvot alkavat etuliitteellä "crypt:" ja puretaan
automaattisesti testin ajon aikana yksityisavaimella.</doc>
<status status="PASS" start="2026-04-03T21:03:13.047808" elapsed="1.983029"/>
</suite>
<statistics>
<total>
<stat pass="1" fail="0" skip="0">All Tests</stat>
</total>
<tag>
</tag>
<suite>
<stat name="Login Crypto Test" id="s1" pass="1" fail="0" skip="0">Login Crypto Test</stat>
</suite>
</statistics>
<errors>
</errors>
</robot>
